Script started on 2026-02-17 00:41:23+00:00 [TERM="xterm-256color" TTY="/dev/pts/0" COLUMNS="219" LINES="17"]
]0;azureuser@pr1-vm: ~/project1/memory/test[01;32mazureuser@pr1-vm[00m:[01;34m~/project1/memory/test[00m$ python3 monitor.py -t runtest1.py

----------------------------------------------------------------------------------------------------
Iteration number :  1
Memory (VM: aos_vm3)  Actual [184.81640625], Unused: [4.578125]
Memory (VM: aos_vm4)  Actual [90.05859375], Unused: [70.54296875]
Memory (VM: aos_vm2)  Actual [187.9375], Unused: [4.32421875]
Memory (VM: aos_vm1)  Actual [194.63671875], Unused: [4.33984375]

----------------------------------------------------------------------------------------------------
Iteration number :  2
Memory (VM: aos_vm3)  Actual [229.66796875], Unused: [116.0390625]
Memory (VM: aos_vm4)  Actual [90.05859375], Unused: [70.54296875]
Memory (VM: aos_vm2)  Actual [226.28125], Unused: [110.421875]
Memory (VM: aos_vm1)  Actual [230.93359375], Unused: [114.57421875]

----------------------------------------------------------------------------------------------------
Iteration number :  3
Memory (VM: aos_vm3)  Actual [129.66796875], Unused: [116.0390625]
Memory (VM: aos_vm4)  Actual [90.05859375], Unused: [70.54296875]
Memory (VM: aos_vm2)  Actual [126.28125], Unused: [110.421875]
Memory (VM: aos_vm1)  Actual [130.93359375], Unused: [114.57421875]

----------------------------------------------------------------------------------------------------
Iteration number :  4
Memory (VM: aos_vm3)  Actual [131.01171875], Unused: [4.31640625]
Memory (VM: aos_vm4)  Actual [90.05859375], Unused: [70.54296875]
Memory (VM: aos_vm2)  Actual [129.078125], Unused: [4.6796875]
Memory (VM: aos_vm1)  Actual [129.37890625], Unused: [5.046875]

----------------------------------------------------------------------------------------------------
Iteration number :  5
Memory (VM: aos_vm3)  Actual [204.53515625], Unused: [89.23046875]
Memory (VM: aos_vm4)  Actual [90.05859375], Unused: [70.54296875]
Memory (VM: aos_vm2)  Actual [200.0625], Unused: [83.65625]
Memory (VM: aos_vm1)  Actual [199.77734375], Unused: [83.82421875]
Start testcase 1

----------------------------------------------------------------------------------------------------
Iteration number :  6
Memory (VM: aos_vm3)  Actual [179.53515625], Unused: [133.5625]
Memory (VM: aos_vm4)  Actual [90.05859375], Unused: [70.54296875]
Memory (VM: aos_vm2)  Actual [131.01171875], Unused: [51.76171875]
Memory (VM: aos_vm1)  Actual [131.01171875], Unused: [41.2265625]

----------------------------------------------------------------------------------------------------
Iteration number :  7
Memory (VM: aos_vm3)  Actual [127.53515625], Unused: [133.5625]
Memory (VM: aos_vm4)  Actual [90.05859375], Unused: [70.54296875]
Memory (VM: aos_vm2)  Actual [98.91015625], Unused: [51.76171875]
Memory (VM: aos_vm1)  Actual [121.48046875], Unused: [41.2265625]

----------------------------------------------------------------------------------------------------
Iteration number :  8
Memory (VM: aos_vm3)  Actual [162.6484375], Unused: [4.5390625]
Memory (VM: aos_vm4)  Actual [90.05859375], Unused: [70.54296875]
Memory (VM: aos_vm2)  Actual [163.11328125], Unused: [5.2265625]
Memory (VM: aos_vm1)  Actual [140.54296875], Unused: [26.9375]

----------------------------------------------------------------------------------------------------
Iteration number :  9
Memory (VM: aos_vm3)  Actual [145.73828125], Unused: [81.66796875]
Memory (VM: aos_vm4)  Actual [90.05859375], Unused: [70.54296875]
Memory (VM: aos_vm2)  Actual [145.21484375], Unused: [101.51171875]
Memory (VM: aos_vm1)  Actual [131.01171875], Unused: [54.8984375]

----------------------------------------------------------------------------------------------------
Iteration number :  10
Memory (VM: aos_vm3)  Actual [95.796875], Unused: [81.66796875]
Memory (VM: aos_vm4)  Actual [90.05859375], Unused: [70.54296875]
Memory (VM: aos_vm2)  Actual [95.21484375], Unused: [101.51171875]
Memory (VM: aos_vm1)  Actual [96.94921875], Unused: [54.8984375]

----------------------------------------------------------------------------------------------------
Iteration number :  11
Memory (VM: aos_vm3)  Actual [128.89453125], Unused: [4.28125]
Memory (VM: aos_vm4)  Actual [90.05859375], Unused: [70.54296875]
Memory (VM: aos_vm2)  Actual [129.44921875], Unused: [4.26953125]
Memory (VM: aos_vm1)  Actual [127.3359375], Unused: [4.984375]

----------------------------------------------------------------------------------------------------
Iteration number :  12
Memory (VM: aos_vm3)  Actual [199.32421875], Unused: [83.4921875]
Memory (VM: aos_vm4)  Actual [90.05859375], Unused: [70.54296875]
Memory (VM: aos_vm2)  Actual [202.65234375], Unused: [86.3671875]
Memory (VM: aos_vm1)  Actual [196.234375], Unused: [81.05859375]

----------------------------------------------------------------------------------------------------
Iteration number :  13
Memory (VM: aos_vm3)  Actual [99.32421875], Unused: [83.4921875]
Memory (VM: aos_vm4)  Actual [90.05859375], Unused: [70.54296875]
Memory (VM: aos_vm2)  Actual [102.65234375], Unused: [86.3671875]
Memory (VM: aos_vm1)  Actual [96.234375], Unused: [81.05859375]

----------------------------------------------------------------------------------------------------
Iteration number :  14
Memory (VM: aos_vm3)  Actual [128.8828125], Unused: [4.4375]
Memory (VM: aos_vm4)  Actual [90.05859375], Unused: [70.54296875]
Memory (VM: aos_vm2)  Actual [127.59375], Unused: [5.1015625]
Memory (VM: aos_vm1)  Actual [130.05859375], Unused: [4.54296875]

----------------------------------------------------------------------------------------------------
Iteration number :  15
Memory (VM: aos_vm3)  Actual [194.2578125], Unused: [48.2265625]
Memory (VM: aos_vm4)  Actual [90.05859375], Unused: [70.54296875]
Memory (VM: aos_vm2)  Actual [131.01171875], Unused: [44.5078125]
Memory (VM: aos_vm1)  Actual [201.61328125], Unused: [79.859375]

----------------------------------------------------------------------------------------------------
Iteration number :  16
Memory (VM: aos_vm3)  Actual [133.140625], Unused: [48.2265625]
Memory (VM: aos_vm4)  Actual [90.05859375], Unused: [70.54296875]
Memory (VM: aos_vm2)  Actual [95.6953125], Unused: [44.5078125]
Memory (VM: aos_vm1)  Actual [101.61328125], Unused: [79.859375]

----------------------------------------------------------------------------------------------------
Iteration number :  17
Memory (VM: aos_vm3)  Actual [128.8828125], Unused: [20.375]
Memory (VM: aos_vm4)  Actual [90.05859375], Unused: [70.54296875]
Memory (VM: aos_vm2)  Actual [167.94921875], Unused: [4.55859375]
Memory (VM: aos_vm1)  Actual [160.41015625], Unused: [7.890625]

----------------------------------------------------------------------------------------------------
Iteration number :  18
Memory (VM: aos_vm3)  Actual [131.01171875], Unused: [13.98828125]
Memory (VM: aos_vm4)  Actual [90.05859375], Unused: [70.54296875]
Memory (VM: aos_vm2)  Actual [154.88671875], Unused: [88.26953125]
Memory (VM: aos_vm1)  Actual [139.80859375], Unused: [96.046875]

----------------------------------------------------------------------------------------------------
Iteration number :  19
Memory (VM: aos_vm3)  Actual [139.52734375], Unused: [13.98828125]
Memory (VM: aos_vm4)  Actual [90.05859375], Unused: [70.54296875]
Memory (VM: aos_vm2)  Actual [95.6328125], Unused: [88.26953125]
Memory (VM: aos_vm1)  Actual [91.0859375], Unused: [96.046875]

----------------------------------------------------------------------------------------------------
Iteration number :  20
Memory (VM: aos_vm3)  Actual [122.49609375], Unused: [26.09765625]
Memory (VM: aos_vm4)  Actual [90.05859375], Unused: [70.54296875]
Memory (VM: aos_vm2)  Actual [166.53125], Unused: [4.37890625]
Memory (VM: aos_vm1)  Actual [170.55859375], Unused: [4.8828125]

----------------------------------------------------------------------------------------------------
Iteration number :  21
Memory (VM: aos_vm3)  Actual [131.01171875], Unused: [5.75390625]
Memory (VM: aos_vm4)  Actual [90.05859375], Unused: [70.54296875]
Memory (VM: aos_vm2)  Actual [152.61328125], Unused: [87.73046875]
Memory (VM: aos_vm1)  Actual [160.54296875], Unused: [93.1796875]

----------------------------------------------------------------------------------------------------
Iteration number :  22
Memory (VM: aos_vm3)  Actual [165.07421875], Unused: [5.75390625]
Memory (VM: aos_vm4)  Actual [90.05859375], Unused: [70.54296875]
Memory (VM: aos_vm2)  Actual [96.51953125], Unused: [87.73046875]
Memory (VM: aos_vm1)  Actual [95.39453125], Unused: [93.1796875]

----------------------------------------------------------------------------------------------------
Iteration number :  23
Memory (VM: aos_vm3)  Actual [97.2734375], Unused: [56.828125]
Memory (VM: aos_vm4)  Actual [90.05859375], Unused: [70.54296875]
Memory (VM: aos_vm2)  Actual [166.49609375], Unused: [4.28125]
Memory (VM: aos_vm1)  Actual [89.76953125], Unused: [4.671875]

----------------------------------------------------------------------------------------------------
Iteration number :  24
Memory (VM: aos_vm3)  Actual [130.875], Unused: [4.3359375]
Memory (VM: aos_vm4)  Actual [90.05859375], Unused: [70.54296875]
Memory (VM: aos_vm2)  Actual [151.98046875], Unused: [88.27734375]
Memory (VM: aos_vm1)  Actual [89.76953125], Unused: [4.671875]

----------------------------------------------------------------------------------------------------
Iteration number :  25
Memory (VM: aos_vm3)  Actual [200.2265625], Unused: [4.3359375]
Memory (VM: aos_vm4)  Actual [90.05859375], Unused: [70.54296875]
Memory (VM: aos_vm2)  Actual [96.3203125], Unused: [88.27734375]
Memory (VM: aos_vm1)  Actual [89.76953125], Unused: [4.671875]

----------------------------------------------------------------------------------------------------
Iteration number :  26
Memory (VM: aos_vm3)  Actual [100.2265625], Unused: [88.07421875]
Memory (VM: aos_vm4)  Actual [90.05859375], Unused: [70.54296875]
Memory (VM: aos_vm2)  Actual [162.97265625], Unused: [5.01953125]
Memory (VM: aos_vm1)  Actual [89.76953125], Unused: [4.671875]

----------------------------------------------------------------------------------------------------
Iteration number :  27
Memory (VM: aos_vm3)  Actual [130.13671875], Unused: [4.4765625]
Memory (VM: aos_vm4)  Actual [90.05859375], Unused: [70.54296875]
Memory (VM: aos_vm2)  Actual [147.6640625], Unused: [81.27734375]
Memory (VM: aos_vm1)  Actual [89.76953125], Unused: [4.671875]

----------------------------------------------------------------------------------------------------
Iteration number :  28
Memory (VM: aos_vm3)  Actual [196.75390625], Unused: [82.7421875]
Memory (VM: aos_vm4)  Actual [90.05859375], Unused: [70.54296875]
Memory (VM: aos_vm2)  Actual [97.6640625], Unused: [4.97265625]
Memory (VM: aos_vm1)  Actual [89.76953125], Unused: [4.671875]

----------------------------------------------------------------------------------------------------
Iteration number :  29
Memory (VM: aos_vm3)  Actual [112.75390625], Unused: [82.7421875]
Memory (VM: aos_vm4)  Actual [90.05859375], Unused: [70.54296875]
Memory (VM: aos_vm2)  Actual [161.12890625], Unused: [4.97265625]
Memory (VM: aos_vm1)  Actual [89.76953125], Unused: [4.671875]

----------------------------------------------------------------------------------------------------
Iteration number :  30
Memory (VM: aos_vm3)  Actual [95.578125], Unused: [4.5859375]
Memory (VM: aos_vm4)  Actual [90.05859375], Unused: [70.54296875]
Memory (VM: aos_vm2)  Actual [185.4765625], Unused: [45.4765625]
Memory (VM: aos_vm1)  Actual [89.76953125], Unused: [4.671875]

----------------------------------------------------------------------------------------------------
Iteration number :  31
Memory (VM: aos_vm3)  Actual [164.09375], Unused: [49.56640625]
Memory (VM: aos_vm4)  Actual [90.05859375], Unused: [70.54296875]
Memory (VM: aos_vm2)  Actual [134.2421875], Unused: [19.23046875]
Memory (VM: aos_vm1)  Actual [89.76953125], Unused: [4.671875]

----------------------------------------------------------------------------------------------------
Iteration number :  32
Memory (VM: aos_vm3)  Actual [97.9296875], Unused: [49.56640625]
Memory (VM: aos_vm4)  Actual [90.05859375], Unused: [70.54296875]
Memory (VM: aos_vm2)  Actual [127.78125], Unused: [19.23046875]
Memory (VM: aos_vm1)  Actual [89.76953125], Unused: [4.671875]

----------------------------------------------------------------------------------------------------
Iteration number :  33
Memory (VM: aos_vm3)  Actual [131.01171875], Unused: [4.3671875]
Memory (VM: aos_vm4)  Actual [90.05859375], Unused: [70.54296875]
Memory (VM: aos_vm2)  Actual [131.01171875], Unused: [9.54296875]
Memory (VM: aos_vm1)  Actual [89.76953125], Unused: [4.671875]

----------------------------------------------------------------------------------------------------
Iteration number :  34
Memory (VM: aos_vm3)  Actual [199.26953125], Unused: [84.41796875]
Memory (VM: aos_vm4)  Actual [90.05859375], Unused: [70.54296875]
Memory (VM: aos_vm2)  Actual [143.93359375], Unused: [28.125]
Memory (VM: aos_vm1)  Actual [89.76953125], Unused: [4.671875]

----------------------------------------------------------------------------------------------------
Iteration number :  35
Memory (VM: aos_vm3)  Actual [99.26953125], Unused: [84.41796875]
Memory (VM: aos_vm4)  Actual [90.05859375], Unused: [70.54296875]
Memory (VM: aos_vm2)  Actual [118.08984375], Unused: [28.125]
Memory (VM: aos_vm1)  Actual [89.76953125], Unused: [4.671875]

----------------------------------------------------------------------------------------------------
Iteration number :  36
Memory (VM: aos_vm3)  Actual [131.0], Unused: [4.375]
Memory (VM: aos_vm4)  Actual [90.05859375], Unused: [70.54296875]
Memory (VM: aos_vm2)  Actual [131.01171875], Unused: [8.17578125]
Memory (VM: aos_vm1)  Actual [89.76953125], Unused: [4.671875]

----------------------------------------------------------------------------------------------------
Iteration number :  37
Memory (VM: aos_vm3)  Actual [198.484375], Unused: [83.97265625]
Memory (VM: aos_vm4)  Actual [90.05859375], Unused: [70.54296875]
Memory (VM: aos_vm2)  Actual [182.69921875], Unused: [85.69921875]
Memory (VM: aos_vm1)  Actual [89.76953125], Unused: [4.671875]

----------------------------------------------------------------------------------------------------
Iteration number :  38
Memory (VM: aos_vm3)  Actual [98.484375], Unused: [83.97265625]
Memory (VM: aos_vm4)  Actual [90.05859375], Unused: [70.54296875]
Memory (VM: aos_vm2)  Actual [97.74609375], Unused: [85.69921875]
Memory (VM: aos_vm1)  Actual [89.76953125], Unused: [4.671875]

----------------------------------------------------------------------------------------------------
Iteration number :  39
Memory (VM: aos_vm3)  Actual [130.96875], Unused: [4.3203125]
Memory (VM: aos_vm4)  Actual [90.05859375], Unused: [70.54296875]
Memory (VM: aos_vm2)  Actual [92.04296875], Unused: [5.24609375]
Memory (VM: aos_vm1)  Actual [89.76953125], Unused: [4.671875]

----------------------------------------------------------------------------------------------------
Iteration number :  40
Memory (VM: aos_vm3)  Actual [196.8515625], Unused: [93.7109375]
Memory (VM: aos_vm4)  Actual [90.05859375], Unused: [70.54296875]
Memory (VM: aos_vm2)  Actual [92.04296875], Unused: [5.24609375]
Memory (VM: aos_vm1)  Actual [89.76953125], Unused: [4.671875]

----------------------------------------------------------------------------------------------------
Iteration number :  41
Memory (VM: aos_vm3)  Actual [97.89453125], Unused: [93.7109375]
Memory (VM: aos_vm4)  Actual [90.05859375], Unused: [70.54296875]
Memory (VM: aos_vm2)  Actual [92.04296875], Unused: [5.24609375]
Memory (VM: aos_vm1)  Actual [89.76953125], Unused: [4.671875]

----------------------------------------------------------------------------------------------------
Iteration number :  42
Memory (VM: aos_vm3)  Actual [131.01171875], Unused: [4.3046875]
Memory (VM: aos_vm4)  Actual [90.05859375], Unused: [70.54296875]
Memory (VM: aos_vm2)  Actual [92.04296875], Unused: [5.24609375]
Memory (VM: aos_vm1)  Actual [89.76953125], Unused: [4.671875]

----------------------------------------------------------------------------------------------------
Iteration number :  43
Memory (VM: aos_vm3)  Actual [199.33203125], Unused: [83.953125]
Memory (VM: aos_vm4)  Actual [90.05859375], Unused: [70.54296875]
Memory (VM: aos_vm2)  Actual [92.04296875], Unused: [5.24609375]
Memory (VM: aos_vm1)  Actual [89.76953125], Unused: [4.671875]

----------------------------------------------------------------------------------------------------
Iteration number :  44
Memory (VM: aos_vm3)  Actual [99.33203125], Unused: [83.953125]
Memory (VM: aos_vm4)  Actual [90.05859375], Unused: [70.54296875]
Memory (VM: aos_vm2)  Actual [92.04296875], Unused: [5.24609375]
Memory (VM: aos_vm1)  Actual [89.76953125], Unused: [4.671875]

----------------------------------------------------------------------------------------------------
Iteration number :  45
Memory (VM: aos_vm3)  Actual [162.69140625], Unused: [4.96875]
Memory (VM: aos_vm4)  Actual [90.05859375], Unused: [70.54296875]
Memory (VM: aos_vm2)  Actual [92.04296875], Unused: [5.24609375]
Memory (VM: aos_vm1)  Actual [89.76953125], Unused: [4.671875]

----------------------------------------------------------------------------------------------------
Iteration number :  46
Memory (VM: aos_vm3)  Actual [144.37109375], Unused: [99.9296875]
Memory (VM: aos_vm4)  Actual [90.05859375], Unused: [70.54296875]
Memory (VM: aos_vm2)  Actual [92.04296875], Unused: [5.24609375]
Memory (VM: aos_vm1)  Actual [89.76953125], Unused: [4.671875]

----------------------------------------------------------------------------------------------------
Iteration number :  47
Memory (VM: aos_vm3)  Actual [97.16015625], Unused: [99.9296875]
Memory (VM: aos_vm4)  Actual [90.05859375], Unused: [70.54296875]
Memory (VM: aos_vm2)  Actual [92.04296875], Unused: [5.24609375]
Memory (VM: aos_vm1)  Actual [89.76953125], Unused: [4.671875]

----------------------------------------------------------------------------------------------------
Iteration number :  48
Memory (VM: aos_vm3)  Actual [161.84375], Unused: [4.3046875]
Memory (VM: aos_vm4)  Actual [90.05859375], Unused: [70.54296875]
Memory (VM: aos_vm2)  Actual [92.04296875], Unused: [5.24609375]
Memory (VM: aos_vm1)  Actual [89.76953125], Unused: [4.671875]

----------------------------------------------------------------------------------------------------
Iteration number :  49
Memory (VM: aos_vm3)  Actual [198.578125], Unused: [87.72265625]
Memory (VM: aos_vm4)  Actual [90.05859375], Unused: [70.54296875]
Memory (VM: aos_vm2)  Actual [92.04296875], Unused: [5.24609375]
Memory (VM: aos_vm1)  Actual [89.76953125], Unused: [4.671875]

----------------------------------------------------------------------------------------------------
Iteration number :  50
Memory (VM: aos_vm3)  Actual [98.578125], Unused: [87.72265625]
Memory (VM: aos_vm4)  Actual [90.05859375], Unused: [70.54296875]
Memory (VM: aos_vm2)  Actual [92.04296875], Unused: [5.24609375]
Memory (VM: aos_vm1)  Actual [89.76953125], Unused: [4.671875]

----------------------------------------------------------------------------------------------------
Iteration number :  51
Memory (VM: aos_vm3)  Actual [130.734375], Unused: [4.34765625]
Memory (VM: aos_vm4)  Actual [90.05859375], Unused: [70.54296875]
Memory (VM: aos_vm2)  Actual [92.04296875], Unused: [5.24609375]
Memory (VM: aos_vm1)  Actual [89.76953125], Unused: [4.671875]

----------------------------------------------------------------------------------------------------
Iteration number :  52
Memory (VM: aos_vm3)  Actual [197.859375], Unused: [82.06640625]
Memory (VM: aos_vm4)  Actual [90.05859375], Unused: [70.54296875]
Memory (VM: aos_vm2)  Actual [92.04296875], Unused: [5.24609375]
Memory (VM: aos_vm1)  Actual [89.76953125], Unused: [4.671875]

----------------------------------------------------------------------------------------------------
Iteration number :  53
Memory (VM: aos_vm3)  Actual [97.859375], Unused: [82.06640625]
Memory (VM: aos_vm4)  Actual [90.05859375], Unused: [70.54296875]
Memory (VM: aos_vm2)  Actual [92.04296875], Unused: [5.24609375]
Memory (VM: aos_vm1)  Actual [89.76953125], Unused: [4.671875]

----------------------------------------------------------------------------------------------------
Iteration number :  54
Memory (VM: aos_vm3)  Actual [130.16796875], Unused: [4.375]
Memory (VM: aos_vm4)  Actual [90.05859375], Unused: [70.54296875]
Memory (VM: aos_vm2)  Actual [92.04296875], Unused: [5.24609375]
Memory (VM: aos_vm1)  Actual [89.76953125], Unused: [4.671875]

----------------------------------------------------------------------------------------------------
Iteration number :  55
Memory (VM: aos_vm3)  Actual [197.15234375], Unused: [82.14453125]
Memory (VM: aos_vm4)  Actual [90.05859375], Unused: [70.54296875]
Memory (VM: aos_vm2)  Actual [92.04296875], Unused: [5.24609375]
Memory (VM: aos_vm1)  Actual [89.76953125], Unused: [4.671875]

----------------------------------------------------------------------------------------------------
Iteration number :  56
Memory (VM: aos_vm3)  Actual [97.15234375], Unused: [82.14453125]
Memory (VM: aos_vm4)  Actual [90.05859375], Unused: [70.54296875]
Memory (VM: aos_vm2)  Actual [92.04296875], Unused: [5.24609375]
Memory (VM: aos_vm1)  Actual [89.76953125], Unused: [4.671875]

----------------------------------------------------------------------------------------------------
Iteration number :  57
Memory (VM: aos_vm3)  Actual [130.69140625], Unused: [4.328125]
Memory (VM: aos_vm4)  Actual [90.05859375], Unused: [70.54296875]
Memory (VM: aos_vm2)  Actual [92.04296875], Unused: [5.24609375]
Memory (VM: aos_vm1)  Actual [89.76953125], Unused: [4.671875]

----------------------------------------------------------------------------------------------------
Iteration number :  58
Memory (VM: aos_vm3)  Actual [131.01171875], Unused: [48.09375]
Memory (VM: aos_vm4)  Actual [90.05859375], Unused: [70.54296875]
Memory (VM: aos_vm2)  Actual [92.04296875], Unused: [5.24609375]
Memory (VM: aos_vm1)  Actual [89.76953125], Unused: [4.671875]

----------------------------------------------------------------------------------------------------
Iteration number :  59
Memory (VM: aos_vm3)  Actual [97.37109375], Unused: [48.09375]
Memory (VM: aos_vm4)  Actual [90.05859375], Unused: [70.54296875]
Memory (VM: aos_vm2)  Actual [92.04296875], Unused: [5.24609375]
Memory (VM: aos_vm1)  Actual [89.76953125], Unused: [4.671875]

----------------------------------------------------------------------------------------------------
Iteration number :  60
Memory (VM: aos_vm3)  Actual [164.640625], Unused: [4.296875]
Memory (VM: aos_vm4)  Actual [90.05859375], Unused: [70.54296875]
Memory (VM: aos_vm2)  Actual [92.04296875], Unused: [5.24609375]
Memory (VM: aos_vm1)  Actual [89.76953125], Unused: [4.671875]

----------------------------------------------------------------------------------------------------
Iteration number :  61
Memory (VM: aos_vm3)  Actual [148.28125], Unused: [87.3359375]
Memory (VM: aos_vm4)  Actual [90.05859375], Unused: [70.54296875]
Memory (VM: aos_vm2)  Actual [92.04296875], Unused: [5.24609375]
Memory (VM: aos_vm1)  Actual [89.76953125], Unused: [4.671875]

----------------------------------------------------------------------------------------------------
Iteration number :  62
Memory (VM: aos_vm3)  Actual [98.01953125], Unused: [87.3359375]
Memory (VM: aos_vm4)  Actual [90.05859375], Unused: [70.54296875]
Memory (VM: aos_vm2)  Actual [92.04296875], Unused: [5.24609375]
Memory (VM: aos_vm1)  Actual [89.76953125], Unused: [4.671875]

----------------------------------------------------------------------------------------------------
Iteration number :  63
Memory (VM: aos_vm3)  Actual [162.453125], Unused: [4.328125]
Memory (VM: aos_vm4)  Actual [90.05859375], Unused: [70.54296875]
Memory (VM: aos_vm2)  Actual [92.04296875], Unused: [5.24609375]
Memory (VM: aos_vm1)  Actual [89.76953125], Unused: [4.671875]

----------------------------------------------------------------------------------------------------
Iteration number :  64
Memory (VM: aos_vm3)  Actual [145.5234375], Unused: [78.890625]
Memory (VM: aos_vm4)  Actual [90.05859375], Unused: [70.54296875]
Memory (VM: aos_vm2)  Actual [92.04296875], Unused: [5.24609375]
Memory (VM: aos_vm1)  Actual [89.76953125], Unused: [4.671875]

----------------------------------------------------------------------------------------------------
Iteration number :  65
Memory (VM: aos_vm3)  Actual [98.0078125], Unused: [78.890625]
Memory (VM: aos_vm4)  Actual [90.05859375], Unused: [70.54296875]
Memory (VM: aos_vm2)  Actual [92.04296875], Unused: [5.24609375]
Memory (VM: aos_vm1)  Actual [89.76953125], Unused: [4.671875]

----------------------------------------------------------------------------------------------------
Iteration number :  66
Memory (VM: aos_vm3)  Actual [163.890625], Unused: [4.27734375]
Memory (VM: aos_vm4)  Actual [90.05859375], Unused: [70.54296875]
Memory (VM: aos_vm2)  Actual [92.04296875], Unused: [5.24609375]
Memory (VM: aos_vm1)  Actual [89.76953125], Unused: [4.671875]

----------------------------------------------------------------------------------------------------
Iteration number :  67
Memory (VM: aos_vm3)  Actual [146.89453125], Unused: [92.83984375]
Memory (VM: aos_vm4)  Actual [90.05859375], Unused: [70.54296875]
Memory (VM: aos_vm2)  Actual [92.04296875], Unused: [5.24609375]
Memory (VM: aos_vm1)  Actual [89.76953125], Unused: [4.671875]

----------------------------------------------------------------------------------------------------
Iteration number :  68
Memory (VM: aos_vm3)  Actual [96.89453125], Unused: [92.83984375]
Memory (VM: aos_vm4)  Actual [90.05859375], Unused: [70.54296875]
Memory (VM: aos_vm2)  Actual [92.04296875], Unused: [5.24609375]
Memory (VM: aos_vm1)  Actual [89.76953125], Unused: [4.671875]

----------------------------------------------------------------------------------------------------
Iteration number :  69
Memory (VM: aos_vm3)  Actual [130.10546875], Unused: [4.328125]
Memory (VM: aos_vm4)  Actual [90.05859375], Unused: [70.54296875]
Memory (VM: aos_vm2)  Actual [92.04296875], Unused: [5.24609375]
Memory (VM: aos_vm1)  Actual [89.76953125], Unused: [4.671875]

----------------------------------------------------------------------------------------------------
Iteration number :  70
Memory (VM: aos_vm3)  Actual [198.33984375], Unused: [49.890625]
Memory (VM: aos_vm4)  Actual [90.05859375], Unused: [70.54296875]
Memory (VM: aos_vm2)  Actual [92.04296875], Unused: [5.24609375]
Memory (VM: aos_vm1)  Actual [89.76953125], Unused: [4.671875]

----------------------------------------------------------------------------------------------------
Iteration number :  71
Memory (VM: aos_vm3)  Actual [131.91796875], Unused: [49.890625]
Memory (VM: aos_vm4)  Actual [90.05859375], Unused: [70.54296875]
Memory (VM: aos_vm2)  Actual [92.04296875], Unused: [5.24609375]
Memory (VM: aos_vm1)  Actual [89.76953125], Unused: [4.671875]

----------------------------------------------------------------------------------------------------
Iteration number :  72
Memory (VM: aos_vm3)  Actual [130.10546875], Unused: [18.1640625]
Memory (VM: aos_vm4)  Actual [90.05859375], Unused: [70.54296875]
Memory (VM: aos_vm2)  Actual [92.04296875], Unused: [5.24609375]
Memory (VM: aos_vm1)  Actual [89.76953125], Unused: [4.671875]

----------------------------------------------------------------------------------------------------
Iteration number :  73
Memory (VM: aos_vm3)  Actual [131.01171875], Unused: [15.5]
Memory (VM: aos_vm4)  Actual [90.05859375], Unused: [70.54296875]
Memory (VM: aos_vm2)  Actual [92.04296875], Unused: [5.24609375]
Memory (VM: aos_vm1)  Actual [89.76953125], Unused: [4.671875]

----------------------------------------------------------------------------------------------------
Iteration number :  74
Memory (VM: aos_vm3)  Actual [134.63671875], Unused: [20.22265625]
Memory (VM: aos_vm4)  Actual [90.05859375], Unused: [70.54296875]
Memory (VM: aos_vm2)  Actual [92.04296875], Unused: [5.24609375]
Memory (VM: aos_vm1)  Actual [89.76953125], Unused: [4.671875]

----------------------------------------------------------------------------------------------------
Iteration number :  75
Memory (VM: aos_vm3)  Actual [127.38671875], Unused: [20.22265625]
Memory (VM: aos_vm4)  Actual [90.05859375], Unused: [70.54296875]
Memory (VM: aos_vm2)  Actual [92.04296875], Unused: [5.24609375]
Memory (VM: aos_vm1)  Actual [89.76953125], Unused: [4.671875]

----------------------------------------------------------------------------------------------------
Iteration number :  76
Memory (VM: aos_vm3)  Actual [131.01171875], Unused: [9.95703125]
Memory (VM: aos_vm4)  Actual [90.05859375], Unused: [70.54296875]
Memory (VM: aos_vm2)  Actual [92.04296875], Unused: [5.24609375]
Memory (VM: aos_vm1)  Actual [89.76953125], Unused: [4.671875]

----------------------------------------------------------------------------------------------------
Iteration number :  77
Memory (VM: aos_vm3)  Actual [145.51171875], Unused: [31.12109375]
Memory (VM: aos_vm4)  Actual [90.05859375], Unused: [70.54296875]
Memory (VM: aos_vm2)  Actual [92.04296875], Unused: [5.24609375]
Memory (VM: aos_vm1)  Actual [89.76953125], Unused: [4.671875]

----------------------------------------------------------------------------------------------------
Iteration number :  78
Memory (VM: aos_vm3)  Actual [116.51171875], Unused: [31.12109375]
Memory (VM: aos_vm4)  Actual [90.05859375], Unused: [70.54296875]
Memory (VM: aos_vm2)  Actual [92.04296875], Unused: [5.24609375]
Memory (VM: aos_vm1)  Actual [89.76953125], Unused: [4.671875]

----------------------------------------------------------------------------------------------------
Iteration number :  79
Memory (VM: aos_vm3)  Actual [131.01171875], Unused: [5.2578125]
Memory (VM: aos_vm4)  Actual [90.05859375], Unused: [70.54296875]
Memory (VM: aos_vm2)  Actual [92.04296875], Unused: [5.24609375]
Memory (VM: aos_vm1)  Actual [89.76953125], Unused: [4.671875]

----------------------------------------------------------------------------------------------------
Iteration number :  80
Memory (VM: aos_vm3)  Actual [189.01171875], Unused: [92.2734375]
Memory (VM: aos_vm4)  Actual [90.05859375], Unused: [70.54296875]
Memory (VM: aos_vm2)  Actual [92.04296875], Unused: [5.24609375]
Memory (VM: aos_vm1)  Actual [89.76953125], Unused: [4.671875]

----------------------------------------------------------------------------------------------------
Iteration number :  81
Memory (VM: aos_vm3)  Actual [96.85546875], Unused: [92.2734375]
Memory (VM: aos_vm4)  Actual [90.05859375], Unused: [70.54296875]
Memory (VM: aos_vm2)  Actual [92.04296875], Unused: [5.24609375]
Memory (VM: aos_vm1)  Actual [89.76953125], Unused: [4.671875]

----------------------------------------------------------------------------------------------------
Iteration number :  82
Memory (VM: aos_vm3)  Actual [130.15625], Unused: [4.35546875]
Memory (VM: aos_vm4)  Actual [90.05859375], Unused: [70.54296875]
Memory (VM: aos_vm2)  Actual [92.04296875], Unused: [5.24609375]
Memory (VM: aos_vm1)  Actual [89.76953125], Unused: [4.671875]

----------------------------------------------------------------------------------------------------
Iteration number :  83
Memory (VM: aos_vm3)  Actual [198.515625], Unused: [59.45703125]
Memory (VM: aos_vm4)  Actual [90.05859375], Unused: [70.54296875]
Memory (VM: aos_vm2)  Actual [92.04296875], Unused: [5.24609375]
Memory (VM: aos_vm1)  Actual [89.76953125], Unused: [4.671875]

----------------------------------------------------------------------------------------------------
Iteration number :  84
Memory (VM: aos_vm3)  Actual [127.8671875], Unused: [59.45703125]
Memory (VM: aos_vm4)  Actual [90.05859375], Unused: [70.54296875]
Memory (VM: aos_vm2)  Actual [92.04296875], Unused: [5.24609375]
Memory (VM: aos_vm1)  Actual [89.76953125], Unused: [4.671875]

----------------------------------------------------------------------------------------------------
Iteration number :  85
Memory (VM: aos_vm3)  Actual [134.15625], Unused: [21.69921875]
Memory (VM: aos_vm4)  Actual [90.05859375], Unused: [70.54296875]
Memory (VM: aos_vm2)  Actual [92.04296875], Unused: [5.24609375]
Memory (VM: aos_vm1)  Actual [89.76953125], Unused: [4.671875]

----------------------------------------------------------------------------------------------------
Iteration number :  86
Memory (VM: aos_vm3)  Actual [137.30078125], Unused: [30.4296875]
Memory (VM: aos_vm4)  Actual [90.05859375], Unused: [70.54296875]
Memory (VM: aos_vm2)  Actual [92.04296875], Unused: [5.24609375]
Memory (VM: aos_vm1)  Actual [89.76953125], Unused: [4.671875]

----------------------------------------------------------------------------------------------------
Iteration number :  87
Memory (VM: aos_vm3)  Actual [124.72265625], Unused: [30.4296875]
Memory (VM: aos_vm4)  Actual [90.05859375], Unused: [70.54296875]
Memory (VM: aos_vm2)  Actual [92.04296875], Unused: [5.24609375]
Memory (VM: aos_vm1)  Actual [89.76953125], Unused: [4.671875]

----------------------------------------------------------------------------------------------------
Iteration number :  88
Memory (VM: aos_vm3)  Actual [131.01171875], Unused: [12.16015625]
Memory (VM: aos_vm4)  Actual [90.05859375], Unused: [70.54296875]
Memory (VM: aos_vm2)  Actual [92.04296875], Unused: [5.24609375]
Memory (VM: aos_vm1)  Actual [89.76953125], Unused: [4.671875]

----------------------------------------------------------------------------------------------------
Iteration number :  89
Memory (VM: aos_vm3)  Actual [156.16796875], Unused: [49.3125]
Memory (VM: aos_vm4)  Actual [90.05859375], Unused: [70.54296875]
Memory (VM: aos_vm2)  Actual [92.04296875], Unused: [5.24609375]
Memory (VM: aos_vm1)  Actual [89.76953125], Unused: [4.671875]

----------------------------------------------------------------------------------------------------
Iteration number :  90
Memory (VM: aos_vm3)  Actual [105.85546875], Unused: [49.3125]
Memory (VM: aos_vm4)  Actual [90.05859375], Unused: [70.54296875]
Memory (VM: aos_vm2)  Actual [92.04296875], Unused: [5.24609375]
Memory (VM: aos_vm1)  Actual [89.76953125], Unused: [4.671875]

----------------------------------------------------------------------------------------------------
Iteration number :  91
Memory (VM: aos_vm3)  Actual [130.21484375], Unused: [4.33984375]
Memory (VM: aos_vm4)  Actual [90.05859375], Unused: [70.54296875]
Memory (VM: aos_vm2)  Actual [92.04296875], Unused: [5.24609375]
Memory (VM: aos_vm1)  Actual [89.76953125], Unused: [4.671875]

----------------------------------------------------------------------------------------------------
Iteration number :  92
Memory (VM: aos_vm3)  Actual [198.77734375], Unused: [84.59375]
Memory (VM: aos_vm4)  Actual [90.05859375], Unused: [70.54296875]
Memory (VM: aos_vm2)  Actual [92.04296875], Unused: [5.24609375]
Memory (VM: aos_vm1)  Actual [89.76953125], Unused: [4.671875]

----------------------------------------------------------------------------------------------------
Iteration number :  93
Memory (VM: aos_vm3)  Actual [98.77734375], Unused: [84.59375]
Memory (VM: aos_vm4)  Actual [90.05859375], Unused: [70.54296875]
Memory (VM: aos_vm2)  Actual [92.04296875], Unused: [5.24609375]
Memory (VM: aos_vm1)  Actual [89.76953125], Unused: [4.671875]

----------------------------------------------------------------------------------------------------
Iteration number :  94
Memory (VM: aos_vm3)  Actual [128.578125], Unused: [4.8828125]
Memory (VM: aos_vm4)  Actual [90.05859375], Unused: [70.54296875]
Memory (VM: aos_vm2)  Actual [92.04296875], Unused: [5.24609375]
Memory (VM: aos_vm1)  Actual [89.76953125], Unused: [4.671875]

----------------------------------------------------------------------------------------------------
Iteration number :  95
Memory (VM: aos_vm3)  Actual [193.046875], Unused: [60.67578125]
Memory (VM: aos_vm4)  Actual [90.05859375], Unused: [70.54296875]
Memory (VM: aos_vm2)  Actual [92.04296875], Unused: [5.24609375]
Memory (VM: aos_vm1)  Actual [89.76953125], Unused: [4.671875]

----------------------------------------------------------------------------------------------------
Iteration number :  96
Memory (VM: aos_vm3)  Actual [105.4453125], Unused: [60.67578125]
Memory (VM: aos_vm4)  Actual [90.05859375], Unused: [70.54296875]
Memory (VM: aos_vm2)  Actual [92.04296875], Unused: [5.24609375]
Memory (VM: aos_vm1)  Actual [89.76953125], Unused: [4.671875]

----------------------------------------------------------------------------------------------------
Iteration number :  97
Memory (VM: aos_vm3)  Actual [156.578125], Unused: [6.0703125]
Memory (VM: aos_vm4)  Actual [90.05859375], Unused: [70.54296875]
Memory (VM: aos_vm2)  Actual [92.04296875], Unused: [5.24609375]
Memory (VM: aos_vm1)  Actual [89.76953125], Unused: [4.671875]

----------------------------------------------------------------------------------------------------
Iteration number :  98
Memory (VM: aos_vm3)  Actual [132.14453125], Unused: [82.25]
Memory (VM: aos_vm4)  Actual [90.05859375], Unused: [70.54296875]
Memory (VM: aos_vm2)  Actual [92.04296875], Unused: [5.24609375]
Memory (VM: aos_vm1)  Actual [89.76953125], Unused: [4.671875]

----------------------------------------------------------------------------------------------------
Iteration number :  99
Memory (VM: aos_vm3)  Actual [97.0], Unused: [82.25]
Memory (VM: aos_vm4)  Actual [90.05859375], Unused: [70.54296875]
Memory (VM: aos_vm2)  Actual [92.04296875], Unused: [5.24609375]
Memory (VM: aos_vm1)  Actual [89.76953125], Unused: [4.671875]

----------------------------------------------------------------------------------------------------
Iteration number :  100
Memory (VM: aos_vm3)  Actual [165.1484375], Unused: [4.296875]
Memory (VM: aos_vm4)  Actual [90.05859375], Unused: [70.54296875]
Memory (VM: aos_vm2)  Actual [92.04296875], Unused: [5.24609375]
Memory (VM: aos_vm1)  Actual [89.76953125], Unused: [4.671875]
]0;azureuser@pr1-vm: ~/project1/memory/test[01;32mazureuser@pr1-vm[00m:[01;34m~/project1/memory/test[00m$ run: no process found
ssh: connect to host 192.168.122.200 port 22: No route to host
ssh: connect to host 192.168.122.222 port 22: No route to host
ssh: connect to host 192.168.122.154 port 22: No route to host
^C
]0;azureuser@pr1-vm: ~/project1/memory/test[01;32mazureuser@pr1-vm[00m:[01;34m~/project1/memory/test[00m$ exit
exit

Script done on 2026-02-17 00:46:41+00:00 [COMMAND_EXIT_CODE="130"]
