Script started on 2026-02-16 18:34:50+00:00 [TERM="xterm-256color" TTY="/dev/pts/0" COLUMNS="219" LINES="19"]
]0;azureuser@pr1-vm: ~/project1/cpu/test[01;32mazureuser@pr1-vm[00m:[01;34m~/project1/cpu/test[00m$ python3 monitor.py -t runtest1.py

--------------------------------------------------
Iteration number :  1
0 - usage: 0.0 | mapping []
1 - usage: 0.0 | mapping []
2 - usage: 0.0 | mapping []
3 - usage: 0.0 | mapping []

--------------------------------------------------
Iteration number :  2
0 - usage: 0.0 | mapping ['aos_vm3']
1 - usage: 0.0 | mapping ['aos_vm1']
2 - usage: 0.0 | mapping ['aos_vm4']
3 - usage: 0.0 | mapping ['aos_vm2']

--------------------------------------------------
Iteration number :  3
0 - usage: 0.0 | mapping ['aos_vm3']
1 - usage: 1.0 | mapping ['aos_vm1']
2 - usage: 0.0 | mapping ['aos_vm4']
3 - usage: 0.0 | mapping ['aos_vm2']

--------------------------------------------------
Iteration number :  4
0 - usage: 0.0 | mapping ['aos_vm3']
1 - usage: 0.0 | mapping ['aos_vm1']
2 - usage: 0.0 | mapping ['aos_vm4']
3 - usage: 0.0 | mapping ['aos_vm2']

--------------------------------------------------
Iteration number :  5
0 - usage: 1.0 | mapping ['aos_vm3']
1 - usage: 0.0 | mapping ['aos_vm1']
2 - usage: 0.0 | mapping ['aos_vm4']
3 - usage: 0.0 | mapping ['aos_vm2']

--------------------------------------------------
Iteration number :  6
0 - usage: 2.0 | mapping ['aos_vm1']
1 - usage: 3.0 | mapping ['aos_vm3']
2 - usage: 2.0 | mapping ['aos_vm2']
3 - usage: 1.0 | mapping ['aos_vm4']

--------------------------------------------------
Iteration number :  7
0 - usage: 0.0 | mapping []
1 - usage: 68.0 | mapping ['aos_vm3']
2 - usage: 82.0 | mapping ['aos_vm2']
3 - usage: 96.0 | mapping ['aos_vm1', 'aos_vm4']

--------------------------------------------------
Iteration number :  8
0 - usage: 94.0 | mapping ['aos_vm1', 'aos_vm4']
1 - usage: 47.0 | mapping ['aos_vm3']
2 - usage: 46.0 | mapping ['aos_vm2']
3 - usage: 0.0 | mapping []

--------------------------------------------------
Iteration number :  9
0 - usage: 0.0 | mapping []
1 - usage: 46.0 | mapping ['aos_vm3']
2 - usage: 47.0 | mapping ['aos_vm2']
3 - usage: 91.0 | mapping ['aos_vm1', 'aos_vm4']

--------------------------------------------------
Iteration number :  10
0 - usage: 91.0 | mapping ['aos_vm1', 'aos_vm4']
1 - usage: 47.0 | mapping ['aos_vm3']
2 - usage: 46.0 | mapping ['aos_vm2']
3 - usage: 0.0 | mapping []

--------------------------------------------------
Iteration number :  11
0 - usage: 0.0 | mapping []
1 - usage: 46.0 | mapping ['aos_vm3']
2 - usage: 48.0 | mapping ['aos_vm2']
3 - usage: 92.0 | mapping ['aos_vm1', 'aos_vm4']

--------------------------------------------------
Iteration number :  12
0 - usage: 91.0 | mapping ['aos_vm1', 'aos_vm4']
1 - usage: 47.0 | mapping ['aos_vm3']
2 - usage: 45.0 | mapping ['aos_vm2']
3 - usage: 0.0 | mapping []

--------------------------------------------------
Iteration number :  13
0 - usage: 0.0 | mapping []
1 - usage: 46.0 | mapping ['aos_vm3']
2 - usage: 48.0 | mapping ['aos_vm2']
3 - usage: 92.0 | mapping ['aos_vm1', 'aos_vm4']

--------------------------------------------------
Iteration number :  14
0 - usage: 91.0 | mapping ['aos_vm1', 'aos_vm4']
1 - usage: 47.0 | mapping ['aos_vm3']
2 - usage: 45.0 | mapping ['aos_vm2']
3 - usage: 0.0 | mapping []

--------------------------------------------------
Iteration number :  15
0 - usage: 0.0 | mapping []
1 - usage: 46.0 | mapping ['aos_vm3']
2 - usage: 48.0 | mapping ['aos_vm2']
3 - usage: 90.0 | mapping ['aos_vm1', 'aos_vm4']

--------------------------------------------------
Iteration number :  16
0 - usage: 93.0 | mapping ['aos_vm1', 'aos_vm4']
1 - usage: 47.0 | mapping ['aos_vm3']
2 - usage: 45.0 | mapping ['aos_vm2']
3 - usage: 0.0 | mapping []

--------------------------------------------------
Iteration number :  17
0 - usage: 0.0 | mapping []
1 - usage: 47.0 | mapping ['aos_vm3']
2 - usage: 47.0 | mapping ['aos_vm2']
3 - usage: 91.0 | mapping ['aos_vm1', 'aos_vm4']

--------------------------------------------------
Iteration number :  18
0 - usage: 91.0 | mapping ['aos_vm1', 'aos_vm4']
1 - usage: 47.0 | mapping ['aos_vm3']
2 - usage: 46.0 | mapping ['aos_vm2']
3 - usage: 0.0 | mapping []

--------------------------------------------------
Iteration number :  19
0 - usage: 0.0 | mapping []
1 - usage: 46.0 | mapping ['aos_vm3']
2 - usage: 47.0 | mapping ['aos_vm2']
3 - usage: 91.0 | mapping ['aos_vm1', 'aos_vm4']

--------------------------------------------------
Iteration number :  20
0 - usage: 92.0 | mapping ['aos_vm1', 'aos_vm4']
1 - usage: 47.0 | mapping ['aos_vm3']
2 - usage: 46.0 | mapping ['aos_vm2']
3 - usage: 0.0 | mapping []

--------------------------------------------------
Iteration number :  21
0 - usage: 0.0 | mapping []
1 - usage: 45.0 | mapping ['aos_vm3']
2 - usage: 48.0 | mapping ['aos_vm2']
3 - usage: 92.0 | mapping ['aos_vm1', 'aos_vm4']

--------------------------------------------------
Iteration number :  22
0 - usage: 91.0 | mapping ['aos_vm1', 'aos_vm4']
1 - usage: 47.0 | mapping ['aos_vm3']
2 - usage: 46.0 | mapping ['aos_vm2']
3 - usage: 0.0 | mapping []

--------------------------------------------------
Iteration number :  23
0 - usage: 0.0 | mapping []
1 - usage: 46.0 | mapping ['aos_vm3']
2 - usage: 48.0 | mapping ['aos_vm2']
3 - usage: 92.0 | mapping ['aos_vm1', 'aos_vm4']

--------------------------------------------------
Iteration number :  24
0 - usage: 90.0 | mapping ['aos_vm1', 'aos_vm4']
1 - usage: 47.0 | mapping ['aos_vm3']
2 - usage: 45.0 | mapping ['aos_vm2']
3 - usage: 0.0 | mapping []

--------------------------------------------------
Iteration number :  25
0 - usage: 0.0 | mapping []
1 - usage: 47.0 | mapping ['aos_vm3']
2 - usage: 48.0 | mapping ['aos_vm2']
3 - usage: 93.0 | mapping ['aos_vm1', 'aos_vm4']
]0;azureuser@pr1-vm: ~/project1/cpu/test[01;32mazureuser@pr1-vm[00m:[01;34m~/project1/cpu/test[00m$ exit
exit

Script done on 2026-02-16 18:35:56+00:00 [COMMAND_EXIT_CODE="0"]
